{"D:\\Mission Ready HQ\\Missions\\LVL5-missions\\mission-three\\TurnersRestfulAPI\\src\\quoteGenerator\\quote.ts": {"path":"D:\\Mission Ready HQ\\Missions\\LVL5-missions\\mission-three\\TurnersRestfulAPI\\src\\quoteGenerator\\quote.ts","statementMap":{"0":{"start":{"line":3,"column":22},"end":{"line":11,"column":2}},"1":{"start":{"line":13,"column":28},"end":{"line":15,"column":1}},"2":{"start":{"line":14,"column":2},"end":{"line":14,"column":16}},"3":{"start":{"line":13,"column":13},"end":{"line":13,"column":28}},"4":{"start":{"line":17,"column":26},"end":{"line":29,"column":1}},"5":{"start":{"line":18,"column":35},"end":{"line":18,"column":40}},"6":{"start":{"line":19,"column":2},"end":{"line":25,"column":null}},"7":{"start":{"line":20,"column":4},"end":{"line":22,"column":6}},"8":{"start":{"line":23,"column":9},"end":{"line":25,"column":null}},"9":{"start":{"line":24,"column":4},"end":{"line":24,"column":67}},"10":{"start":{"line":27,"column":4},"end":{"line":27,"column":59}},"11":{"start":{"line":28,"column":2},"end":{"line":28,"column":24}},"12":{"start":{"line":17,"column":13},"end":{"line":17,"column":26}},"13":{"start":{"line":31,"column":27},"end":{"line":36,"column":1}},"14":{"start":{"line":32,"column":24},"end":{"line":32,"column":41}},"15":{"start":{"line":33,"column":25},"end":{"line":33,"column":69}},"16":{"start":{"line":35,"column":2},"end":{"line":35,"column":24}},"17":{"start":{"line":31,"column":13},"end":{"line":31,"column":27}},"18":{"start":{"line":38,"column":28},"end":{"line":49,"column":1}},"19":{"start":{"line":39,"column":19},"end":{"line":45,"column":4}},"20":{"start":{"line":46,"column":2},"end":{"line":46,"column":24}},"21":{"start":{"line":48,"column":2},"end":{"line":48,"column":18}},"22":{"start":{"line":38,"column":13},"end":{"line":38,"column":28}},"23":{"start":{"line":51,"column":22},"end":{"line":53,"column":1}},"24":{"start":{"line":52,"column":2},"end":{"line":52,"column":46}},"25":{"start":{"line":52,"column":28},"end":{"line":52,"column":44}},"26":{"start":{"line":55,"column":28},"end":{"line":61,"column":1}},"27":{"start":{"line":56,"column":24},"end":{"line":56,"column":46}},"28":{"start":{"line":57,"column":2},"end":{"line":59,"column":null}},"29":{"start":{"line":58,"column":4},"end":{"line":58,"column":39}},"30":{"start":{"line":60,"column":2},"end":{"line":60,"column":23}},"31":{"start":{"line":55,"column":13},"end":{"line":55,"column":28}},"32":{"start":{"line":63,"column":28},"end":{"line":71,"column":1}},"33":{"start":{"line":64,"column":24},"end":{"line":64,"column":46}},"34":{"start":{"line":65,"column":2},"end":{"line":67,"column":null}},"35":{"start":{"line":66,"column":4},"end":{"line":66,"column":39}},"36":{"start":{"line":68,"column":2},"end":{"line":68,"column":50}},"37":{"start":{"line":68,"column":32},"end":{"line":68,"column":48}},"38":{"start":{"line":70,"column":2},"end":{"line":70,"column":14}},"39":{"start":{"line":63,"column":13},"end":{"line":63,"column":28}},"40":{"start":{"line":73,"column":28},"end":{"line":88,"column":1}},"41":{"start":{"line":74,"column":24},"end":{"line":74,"column":46}},"42":{"start":{"line":76,"column":2},"end":{"line":78,"column":null}},"43":{"start":{"line":77,"column":4},"end":{"line":77,"column":39}},"44":{"start":{"line":79,"column":20},"end":{"line":82,"column":null}},"45":{"start":{"line":84,"column":2},"end":{"line":84,"column":56}},"46":{"start":{"line":85,"column":2},"end":{"line":85,"column":58}},"47":{"start":{"line":87,"column":2},"end":{"line":87,"column":22}},"48":{"start":{"line":73,"column":13},"end":{"line":73,"column":28}}},"fnMap":{"0":{"name":"(anonymous_0)","decl":{"start":{"line":13,"column":28},"end":{"line":13,"column":31}},"loc":{"start":{"line":13,"column":33},"end":{"line":15,"column":1}}},"1":{"name":"(anonymous_1)","decl":{"start":{"line":17,"column":26},"end":{"line":17,"column":27}},"loc":{"start":{"line":17,"column":56},"end":{"line":29,"column":1}}},"2":{"name":"(anonymous_2)","decl":{"start":{"line":31,"column":27},"end":{"line":31,"column":28}},"loc":{"start":{"line":31,"column":57},"end":{"line":36,"column":1}}},"3":{"name":"(anonymous_3)","decl":{"start":{"line":38,"column":28},"end":{"line":38,"column":29}},"loc":{"start":{"line":38,"column":50},"end":{"line":49,"column":1}}},"4":{"name":"(anonymous_4)","decl":{"start":{"line":51,"column":22},"end":{"line":51,"column":23}},"loc":{"start":{"line":51,"column":61},"end":{"line":53,"column":1}}},"5":{"name":"(anonymous_5)","decl":{"start":{"line":52,"column":21},"end":{"line":52,"column":22}},"loc":{"start":{"line":52,"column":28},"end":{"line":52,"column":44}}},"6":{"name":"(anonymous_6)","decl":{"start":{"line":55,"column":28},"end":{"line":55,"column":29}},"loc":{"start":{"line":55,"column":55},"end":{"line":61,"column":1}}},"7":{"name":"(anonymous_7)","decl":{"start":{"line":63,"column":28},"end":{"line":63,"column":29}},"loc":{"start":{"line":63,"column":48},"end":{"line":71,"column":1}}},"8":{"name":"(anonymous_8)","decl":{"start":{"line":68,"column":25},"end":{"line":68,"column":26}},"loc":{"start":{"line":68,"column":32},"end":{"line":68,"column":48}}},"9":{"name":"(anonymous_9)","decl":{"start":{"line":73,"column":28},"end":{"line":73,"column":29}},"loc":{"start":{"line":73,"column":67},"end":{"line":88,"column":1}}}},"branchMap":{"0":{"loc":{"start":{"line":19,"column":2},"end":{"line":25,"column":null}},"type":"if","locations":[{"start":{"line":19,"column":2},"end":{"line":25,"column":null}},{"start":{"line":23,"column":9},"end":{"line":25,"column":null}}]},"1":{"loc":{"start":{"line":19,"column":6},"end":{"line":19,"column":68}},"type":"binary-expr","locations":[{"start":{"line":19,"column":6},"end":{"line":19,"column":34}},{"start":{"line":19,"column":38},"end":{"line":19,"column":68}}]},"2":{"loc":{"start":{"line":23,"column":9},"end":{"line":25,"column":null}},"type":"if","locations":[{"start":{"line":23,"column":9},"end":{"line":25,"column":null}}]},"3":{"loc":{"start":{"line":23,"column":13},"end":{"line":23,"column":47}},"type":"binary-expr","locations":[{"start":{"line":23,"column":13},"end":{"line":23,"column":27}},{"start":{"line":23,"column":31},"end":{"line":23,"column":47}}]},"4":{"loc":{"start":{"line":57,"column":2},"end":{"line":59,"column":null}},"type":"if","locations":[{"start":{"line":57,"column":2},"end":{"line":59,"column":null}}]},"5":{"loc":{"start":{"line":65,"column":2},"end":{"line":67,"column":null}},"type":"if","locations":[{"start":{"line":65,"column":2},"end":{"line":67,"column":null}}]},"6":{"loc":{"start":{"line":76,"column":2},"end":{"line":78,"column":null}},"type":"if","locations":[{"start":{"line":76,"column":2},"end":{"line":78,"column":null}}]},"7":{"loc":{"start":{"line":81,"column":14},"end":{"line":81,"column":54}},"type":"cond-expr","locations":[{"start":{"line":81,"column":28},"end":{"line":81,"column":32}},{"start":{"line":81,"column":32},"end":{"line":81,"column":54}}]},"8":{"loc":{"start":{"line":81,"column":14},"end":{"line":81,"column":32}},"type":"binary-expr","locations":[{"start":{"line":81,"column":14},"end":{"line":81,"column":32}},{"start":{"line":81,"column":28},"end":{"line":81,"column":32}}]},"9":{"loc":{"start":{"line":82,"column":16},"end":{"line":82,"column":60}},"type":"cond-expr","locations":[{"start":{"line":82,"column":32},"end":{"line":82,"column":36}},{"start":{"line":82,"column":36},"end":{"line":82,"column":60}}]},"10":{"loc":{"start":{"line":82,"column":16},"end":{"line":82,"column":36}},"type":"binary-expr","locations":[{"start":{"line":82,"column":16},"end":{"line":82,"column":36}},{"start":{"line":82,"column":32},"end":{"line":82,"column":36}}]}},"s":{"0":1,"1":1,"2":0,"3":1,"4":1,"5":18,"6":18,"7":2,"8":16,"9":2,"10":14,"11":14,"12":1,"13":1,"14":9,"15":7,"16":7,"17":1,"18":1,"19":1,"20":1,"21":1,"22":1,"23":1,"24":5,"25":6,"26":1,"27":2,"28":2,"29":1,"30":1,"31":1,"32":1,"33":2,"34":2,"35":1,"36":1,"37":2,"38":1,"39":1,"40":1,"41":1,"42":1,"43":0,"44":1,"45":1,"46":1,"47":1,"48":1},"f":{"0":0,"1":18,"2":9,"3":1,"4":5,"5":6,"6":2,"7":2,"8":2,"9":1},"b":{"0":[2,16],"1":[18,16],"2":[2],"3":[16,16],"4":[1],"5":[1],"6":[0],"7":[1,0],"8":[1,1],"9":[1,0],"10":[1,1]}}
}
