TN:
SF:src\quoteGenerator\quote.ts
FN:13,(anonymous_0)
FN:17,(anonymous_1)
FN:29,(anonymous_2)
FN:34,(anonymous_3)
FN:47,(anonymous_4)
FN:48,(anonymous_5)
FN:51,(anonymous_6)
FN:59,(anonymous_7)
FN:64,(anonymous_8)
FNF:9
FNH:8
FNDA:0,(anonymous_0)
FNDA:14,(anonymous_1)
FNDA:7,(anonymous_2)
FNDA:1,(anonymous_3)
FNDA:4,(anonymous_4)
FNDA:5,(anonymous_5)
FNDA:2,(anonymous_6)
FNDA:2,(anonymous_7)
FNDA:2,(anonymous_8)
DA:3,1
DA:13,1
DA:14,0
DA:17,1
DA:18,14
DA:19,14
DA:20,2
DA:23,12
DA:24,2
DA:26,10
DA:29,1
DA:30,7
DA:31,5
DA:34,1
DA:35,1
DA:42,1
DA:44,1
DA:47,1
DA:48,5
DA:51,1
DA:52,2
DA:53,2
DA:54,1
DA:56,1
DA:59,1
DA:60,2
DA:61,2
DA:62,1
DA:64,2
DA:66,1
LF:30
LH:29
BRDA:19,0,0,2
BRDA:19,0,1,12
BRDA:19,1,0,14
BRDA:19,1,1,12
BRDA:23,2,0,2
BRDA:23,3,0,12
BRDA:23,3,1,12
BRDA:53,4,0,1
BRDA:61,5,0,1
BRF:9
BRH:9
end_of_record
