TN:
SF:build\quoteGenerator\quote.js
FN:4,(anonymous_0)
FN:11,(anonymous_1)
FNF:2
FNH:2
FNDA:14,(anonymous_0)
FNDA:6,(anonymous_1)
DA:2,1
DA:3,1
DA:4,1
DA:5,14
DA:6,2
DA:8,12
DA:10,1
DA:11,1
DA:12,6
DA:13,6
DA:15,1
LF:11
LH:11
BRDA:5,0,0,2
BRDA:5,0,1,12
BRDA:5,1,0,14
BRDA:5,1,1,13
BRF:4
BRH:4
end_of_record
TN:
SF:src\quoteGenerator\quote.ts
FN:1,(anonymous_0)
FN:8,(anonymous_1)
FNF:2
FNH:2
FNDA:14,(anonymous_0)
FNDA:6,(anonymous_1)
DA:1,1
DA:2,14
DA:3,2
DA:5,12
DA:8,1
DA:9,6
DA:10,6
LF:7
LH:7
BRDA:2,0,0,2
BRDA:2,1,0,14
BRDA:2,1,1,13
BRF:3
BRH:3
end_of_record
